<?xml version="1.0" encoding="UTF-8"?>
<coverage generated="1677671318293" clover="3.2.0">
  <project timestamp="1677671318293" name="All files">
    <metrics statements="33" coveredstatements="33" conditionals="15" coveredconditionals="15" methods="3" coveredmethods="3" elements="51" coveredelements="51" complexity="0" loc="33" ncloc="33" packages="1" files="1" classes="1"/>
    <file name="fizzbuzz.js" path="/var/www/it_academy/fizzbuzz/fizzbuzz.js">
      <metrics statements="33" coveredstatements="33" conditionals="15" coveredconditionals="15" methods="3" coveredmethods="3"/>
      <line num="1" count="38" type="cond" truecount="1" falsecount="0"/>
      <line num="2" count="38" type="stmt"/>
      <line num="3" count="38" type="cond" truecount="1" falsecount="0"/>
      <line num="4" count="1" type="stmt"/>
      <line num="5" count="1" type="cond" truecount="1" falsecount="0"/>
      <line num="6" count="37" type="stmt"/>
      <line num="7" count="37" type="cond" truecount="1" falsecount="0"/>
      <line num="8" count="37" type="stmt"/>
      <line num="9" count="38" type="cond" truecount="1" falsecount="0"/>
      <line num="10" count="1" type="stmt"/>
      <line num="11" count="1" type="cond" truecount="1" falsecount="0"/>
      <line num="12" count="38" type="cond" truecount="2" falsecount="0"/>
      <line num="13" count="3" type="stmt"/>
      <line num="14" count="3" type="cond" truecount="1" falsecount="0"/>
      <line num="15" count="38" type="cond" truecount="1" falsecount="0"/>
      <line num="16" count="6" type="stmt"/>
      <line num="17" count="6" type="cond" truecount="1" falsecount="0"/>
      <line num="18" count="38" type="cond" truecount="1" falsecount="0"/>
      <line num="19" count="10" type="stmt"/>
      <line num="20" count="10" type="cond" truecount="1" falsecount="0"/>
      <line num="21" count="17" type="stmt"/>
      <line num="22" count="17" type="stmt"/>
      <line num="23" count="17" type="stmt"/>
      <line num="24" count="1" type="stmt"/>
      <line num="25" count="1" type="cond" truecount="1" falsecount="0"/>
      <line num="26" count="1" type="cond" truecount="1" falsecount="0"/>
      <line num="27" count="31" type="stmt"/>
      <line num="28" count="31" type="stmt"/>
      <line num="29" count="1" type="stmt"/>
      <line num="30" count="1" type="stmt"/>
      <line num="31" count="1" type="stmt"/>
      <line num="32" count="1" type="stmt"/>
      <line num="33" count="1" type="stmt"/>
    </file>
  </project>
</coverage>
