{"/var/www/it_academy/fizzbuzz/fizzbuzz.js": {"path":"/var/www/it_academy/fizzbuzz/fizzbuzz.js","all":false,"statementMap":{"0":{"start":{"line":1,"column":0},"end":{"line":1,"column":24}},"1":{"start":{"line":2,"column":0},"end":{"line":2,"column":0}},"2":{"start":{"line":3,"column":0},"end":{"line":3,"column":33}},"3":{"start":{"line":4,"column":0},"end":{"line":4,"column":56}},"4":{"start":{"line":5,"column":0},"end":{"line":5,"column":5}},"5":{"start":{"line":6,"column":0},"end":{"line":6,"column":0}},"6":{"start":{"line":7,"column":0},"end":{"line":7,"column":59}},"7":{"start":{"line":8,"column":0},"end":{"line":8,"column":0}},"8":{"start":{"line":9,"column":0},"end":{"line":9,"column":18}},"9":{"start":{"line":10,"column":0},"end":{"line":10,"column":17}},"10":{"start":{"line":11,"column":0},"end":{"line":11,"column":5}},"11":{"start":{"line":12,"column":0},"end":{"line":12,"column":48}},"12":{"start":{"line":13,"column":0},"end":{"line":13,"column":26}},"13":{"start":{"line":14,"column":0},"end":{"line":14,"column":5}},"14":{"start":{"line":15,"column":0},"end":{"line":15,"column":27}},"15":{"start":{"line":16,"column":0},"end":{"line":16,"column":22}},"16":{"start":{"line":17,"column":0},"end":{"line":17,"column":5}},"17":{"start":{"line":18,"column":0},"end":{"line":18,"column":27}},"18":{"start":{"line":19,"column":0},"end":{"line":19,"column":22}},"19":{"start":{"line":20,"column":0},"end":{"line":20,"column":5}},"20":{"start":{"line":21,"column":0},"end":{"line":21,"column":0}},"21":{"start":{"line":22,"column":0},"end":{"line":22,"column":15}},"22":{"start":{"line":23,"column":0},"end":{"line":23,"column":1}},"23":{"start":{"line":24,"column":0},"end":{"line":24,"column":0}},"24":{"start":{"line":25,"column":0},"end":{"line":25,"column":21}},"25":{"start":{"line":26,"column":0},"end":{"line":26,"column":31}},"26":{"start":{"line":27,"column":0},"end":{"line":27,"column":44}},"27":{"start":{"line":28,"column":0},"end":{"line":28,"column":5}},"28":{"start":{"line":29,"column":0},"end":{"line":29,"column":1}},"29":{"start":{"line":30,"column":0},"end":{"line":30,"column":0}},"30":{"start":{"line":31,"column":0},"end":{"line":31,"column":10}},"31":{"start":{"line":32,"column":0},"end":{"line":32,"column":0}},"32":{"start":{"line":33,"column":0},"end":{"line":33,"column":26}}},"s":{"0":38,"1":38,"2":38,"3":1,"4":1,"5":37,"6":37,"7":37,"8":38,"9":1,"10":1,"11":38,"12":3,"13":3,"14":38,"15":6,"16":6,"17":38,"18":10,"19":10,"20":17,"21":17,"22":17,"23":1,"24":1,"25":1,"26":31,"27":31,"28":1,"29":1,"30":1,"31":1,"32":1},"branchMap":{"0":{"type":"branch","line":1,"loc":{"start":{"line":1,"column":0},"end":{"line":23,"column":1}},"locations":[{"start":{"line":1,"column":0},"end":{"line":23,"column":1}}]},"1":{"type":"branch","line":3,"loc":{"start":{"line":3,"column":32},"end":{"line":5,"column":5}},"locations":[{"start":{"line":3,"column":32},"end":{"line":5,"column":5}}]},"2":{"type":"branch","line":5,"loc":{"start":{"line":5,"column":4},"end":{"line":9,"column":17}},"locations":[{"start":{"line":5,"column":4},"end":{"line":9,"column":17}}]},"3":{"type":"branch","line":9,"loc":{"start":{"line":9,"column":17},"end":{"line":11,"column":5}},"locations":[{"start":{"line":9,"column":17},"end":{"line":11,"column":5}}]},"4":{"type":"branch","line":11,"loc":{"start":{"line":11,"column":4},"end":{"line":12,"column":28}},"locations":[{"start":{"line":11,"column":4},"end":{"line":12,"column":28}}]},"5":{"type":"branch","line":12,"loc":{"start":{"line":12,"column":24},"end":{"line":12,"column":45}},"locations":[{"start":{"line":12,"column":24},"end":{"line":12,"column":45}}]},"6":{"type":"branch","line":12,"loc":{"start":{"line":12,"column":47},"end":{"line":14,"column":5}},"locations":[{"start":{"line":12,"column":47},"end":{"line":14,"column":5}}]},"7":{"type":"branch","line":14,"loc":{"start":{"line":14,"column":4},"end":{"line":15,"column":26}},"locations":[{"start":{"line":14,"column":4},"end":{"line":15,"column":26}}]},"8":{"type":"branch","line":15,"loc":{"start":{"line":15,"column":26},"end":{"line":17,"column":5}},"locations":[{"start":{"line":15,"column":26},"end":{"line":17,"column":5}}]},"9":{"type":"branch","line":17,"loc":{"start":{"line":17,"column":4},"end":{"line":18,"column":26}},"locations":[{"start":{"line":17,"column":4},"end":{"line":18,"column":26}}]},"10":{"type":"branch","line":18,"loc":{"start":{"line":18,"column":26},"end":{"line":20,"column":5}},"locations":[{"start":{"line":18,"column":26},"end":{"line":20,"column":5}}]},"11":{"type":"branch","line":20,"loc":{"start":{"line":20,"column":4},"end":{"line":23,"column":1}},"locations":[{"start":{"line":20,"column":4},"end":{"line":23,"column":1}}]},"12":{"type":"branch","line":7,"loc":{"start":{"line":7,"column":22},"end":{"line":7,"column":58}},"locations":[{"start":{"line":7,"column":22},"end":{"line":7,"column":58}}]},"13":{"type":"branch","line":25,"loc":{"start":{"line":25,"column":0},"end":{"line":29,"column":1}},"locations":[{"start":{"line":25,"column":0},"end":{"line":29,"column":1}}]},"14":{"type":"branch","line":26,"loc":{"start":{"line":26,"column":30},"end":{"line":28,"column":5}},"locations":[{"start":{"line":26,"column":30},"end":{"line":28,"column":5}}]}},"b":{"0":[38],"1":[1],"2":[37],"3":[1],"4":[36],"5":[13],"6":[3],"7":[33],"8":[6],"9":[27],"10":[10],"11":[17],"12":[109],"13":[1],"14":[31]},"fnMap":{"0":{"name":"fizzbuzz","decl":{"start":{"line":1,"column":0},"end":{"line":23,"column":1}},"loc":{"start":{"line":1,"column":0},"end":{"line":23,"column":1}},"line":1},"1":{"name":"divisible","decl":{"start":{"line":7,"column":22},"end":{"line":7,"column":58}},"loc":{"start":{"line":7,"column":22},"end":{"line":7,"column":58}},"line":7},"2":{"name":"print","decl":{"start":{"line":25,"column":0},"end":{"line":29,"column":1}},"loc":{"start":{"line":25,"column":0},"end":{"line":29,"column":1}},"line":25}},"f":{"0":38,"1":109,"2":1}}
}
