TN:
SF:fizzbuzz.js
FN:1,fizzbuzz
FN:7,divisible
FN:25,print
FNF:3
FNH:3
FNDA:38,fizzbuzz
FNDA:109,divisible
FNDA:1,print
DA:1,38
DA:2,38
DA:3,38
DA:4,1
DA:5,1
DA:6,37
DA:7,37
DA:8,37
DA:9,38
DA:10,1
DA:11,1
DA:12,38
DA:13,3
DA:14,3
DA:15,38
DA:16,6
DA:17,6
DA:18,38
DA:19,10
DA:20,10
DA:21,17
DA:22,17
DA:23,17
DA:24,1
DA:25,1
DA:26,1
DA:27,31
DA:28,31
DA:29,1
DA:30,1
DA:31,1
DA:32,1
DA:33,1
LF:33
LH:33
BRDA:1,0,0,38
BRDA:3,1,0,1
BRDA:5,2,0,37
BRDA:9,3,0,1
BRDA:11,4,0,36
BRDA:12,5,0,13
BRDA:12,6,0,3
BRDA:14,7,0,33
BRDA:15,8,0,6
BRDA:17,9,0,27
BRDA:18,10,0,10
BRDA:20,11,0,17
BRDA:7,12,0,109
BRDA:25,13,0,1
BRDA:26,14,0,31
BRF:15
BRH:15
end_of_record
